<?xml version="1.0" encoding="UTF-8"?>
<testsuite xmlns:xsi="http://www.w3.org/2001/XMLSchema-instance" xsi:noNamespaceSchemaLocation="https://maven.apache.org/surefire/maven-failsafe-plugin/xsd/failsafe-test-report.xsd" name="Sửa cấu hinh danh mục liên quan" time="2,843.996" tests="21" errors="0" skipped="0" failures="1">
  <properties>
    <property name="gopherProxySet" value="false"/>
    <property name="awt.toolkit" value="sun.lwawt.macosx.LWCToolkit"/>
    <property name="file.encoding.pkg" value="sun.io"/>
    <property name="java.specification.version" value="1.8"/>
    <property name="webdriver.chrome.driver" value="/usr/local/bin/chromedriver"/>
    <property name="sun.cpu.isalist" value=""/>
    <property name="sun.jnu.encoding" value="UTF-8"/>
    <property name="java.class.path" value="/Volumes/D/ViettelAuto/workspace_VT/06_GLOBAL_RECRUITMENT_WEB_VTLIMEX/target/test-classes:/Volumes/D/ViettelAuto/workspace_VT/06_GLOBAL_RECRUITMENT_WEB_VTLIMEX/target/07_SOFTWARE_INTEGRATION_WEB_VTLIMEX-0.0.1-SNAPSHOT.jar:/Users/mv962/.m2/repository/net/serenity-bdd/serenity-cucumber4/2.1.2/serenity-cucumber4-2.1.2.jar:/Users/mv962/.m2/repository/net/serenity-bdd/serenity-screenplay/2.1.2/serenity-screenplay-2.1.2.jar:/Users/mv962/.m2/repository/net/serenity-bdd/serenity-screenplay-webdriver/2.1.2/serenity-screenplay-webdriver-2.1.2.jar:/Users/mv962/.m2/repository/io/cucumber/cucumber-core/4.8.0/cucumber-core-4.8.0.jar:/Users/mv962/.m2/repository/io/cucumber/gherkin/5.1.0/gherkin-5.1.0.jar:/Users/mv962/.m2/repository/io/cucumber/tag-expressions/1.1.1/tag-expressions-1.1.1.jar:/Users/mv962/.m2/repository/io/cucumber/cucumber-expressions/7.0.2/cucumber-expressions-7.0.2.jar:/Users/mv962/.m2/repository/io/cucumber/datatable/1.1.14/datatable-1.1.14.jar:/Users/mv962/.m2/repository/io/cucumber/datatable-dependencies/1.1.14/datatable-dependencies-1.1.14.jar:/Users/mv962/.m2/repository/io/cucumber/datatable-matchers/1.1.14/datatable-matchers-1.1.14.jar:/Users/mv962/.m2/repository/commons-logging/commons-logging/1.2/commons-logging-1.2.jar:/Users/mv962/.m2/repository/org/apache/commons/commons-csv/1.5/commons-csv-1.5.jar:/Users/mv962/.m2/repository/com/google/code/gson/gson/2.8.4/gson-2.8.4.jar:/Users/mv962/.m2/repository/net/serenity-bdd/serenity-junit/2.1.5/serenity-junit-2.1.5.jar:/Users/mv962/.m2/repository/net/bytebuddy/byte-buddy/1.10.1/byte-buddy-1.10.1.jar:/Users/mv962/.m2/repository/net/bytebuddy/byte-buddy-agent/1.10.1/byte-buddy-agent-1.10.1.jar:/Users/mv962/.m2/repository/com/google/guava/guava/25.0-jre/guava-25.0-jre.jar:/Users/mv962/.m2/repository/com/google/code/findbugs/jsr305/1.3.9/jsr305-1.3.9.jar:/Users/mv962/.m2/repository/org/checkerframework/checker-compat-qual/2.0.0/checker-compat-qual-2.0.0.jar:/Users/mv962/.m2/repository/com/google/errorprone/error_prone_annotations/2.1.3/error_prone_annotations-2.1.3.jar:/Users/mv962/.m2/repository/com/google/j2objc/j2objc-annotations/1.1/j2objc-annotations-1.1.jar:/Users/mv962/.m2/repository/org/codehaus/mojo/animal-sniffer-annotations/1.14/animal-sniffer-annotations-1.14.jar:/Users/mv962/.m2/repository/com/google/inject/guice/4.2.2/guice-4.2.2.jar:/Users/mv962/.m2/repository/javax/inject/javax.inject/1/javax.inject-1.jar:/Users/mv962/.m2/repository/aopalliance/aopalliance/1.0/aopalliance-1.0.jar:/Users/mv962/.m2/repository/org/ow2/asm/asm/7.2/asm-7.2.jar:/Users/mv962/.m2/repository/commons-codec/commons-codec/1.10/commons-codec-1.10.jar:/Users/mv962/.m2/repository/org/objenesis/objenesis/3.0.1/objenesis-3.0.1.jar:/Users/mv962/.m2/repository/xml-apis/xml-apis/1.4.01/xml-apis-1.4.01.jar:/Users/mv962/.m2/repository/io/vavr/vavr/0.9.0/vavr-0.9.0.jar:/Users/mv962/.m2/repository/io/vavr/vavr-match/0.9.0/vavr-match-0.9.0.jar:/Users/mv962/.m2/repository/javax/xml/bind/jaxb-api/2.2.12/jaxb-api-2.2.12.jar:/Users/mv962/.m2/repository/com/sun/xml/bind/jaxb-core/2.3.0.1/jaxb-core-2.3.0.1.jar:/Users/mv962/.m2/repository/com/sun/xml/bind/jaxb-impl/2.3.0.1/jaxb-impl-2.3.0.1.jar:/Users/mv962/.m2/repository/javax/activation/activation/1.1.1/activation-1.1.1.jar:/Users/mv962/.m2/repository/org/mockito/mockito-core/3.1.0/mockito-core-3.1.0.jar:/Users/mv962/.m2/repository/net/serenity-bdd/serenity-model/2.1.5/serenity-model-2.1.5.jar:/Users/mv962/.m2/repository/commons-net/commons-net/3.6/commons-net-3.6.jar:/Users/mv962/.m2/repository/org/apache/commons/commons-text/1.6/commons-text-1.6.jar:/Users/mv962/.m2/repository/es/nitaur/markdown/txtmark/0.16/txtmark-0.16.jar:/Users/mv962/.m2/repository/org/hamcrest/hamcrest-core/1.3/hamcrest-core-1.3.jar:/Users/mv962/.m2/repository/net/serenity-bdd/serenity-core/2.1.5/serenity-core-2.1.5.jar:/Users/mv962/.m2/repository/net/serenity-bdd/serenity-report-resources/2.1.5/serenity-report-resources-2.1.5.jar:/Users/mv962/.m2/repository/net/serenity-bdd/serenity-reports/2.1.5/serenity-reports-2.1.5.jar:/Users/mv962/.m2/repository/net/serenity-bdd/serenity-stats/2.1.5/serenity-stats-2.1.5.jar:/Users/mv962/.m2/repository/org/jetbrains/kotlin/kotlin-stdlib/1.3.31/kotlin-stdlib-1.3.31.jar:/Users/mv962/.m2/repository/org/jetbrains/kotlin/kotlin-stdlib-common/1.3.31/kotlin-stdlib-common-1.3.31.jar:/Users/mv962/.m2/repository/org/jetbrains/annotations/13.0/annotations-13.0.jar:/Users/mv962/.m2/repository/commons-io/commons-io/2.6/commons-io-2.6.jar:/Users/mv962/.m2/repository/org/seleniumhq/selenium/selenium-server/3.141.59/selenium-server-3.141.59.jar:/Users/mv962/.m2/repository/org/seleniumhq/selenium/selenium-firefox-driver/3.141.59/selenium-firefox-driver-3.141.59.jar:/Users/mv962/.m2/repository/org/seleniumhq/selenium/selenium-ie-driver/3.141.59/selenium-ie-driver-3.141.59.jar:/Users/mv962/.m2/repository/com/beust/jcommander/1.72/jcommander-1.72.jar:/Users/mv962/.m2/repository/org/apache/commons/commons-exec/1.3/commons-exec-1.3.jar:/Users/mv962/.m2/repository/net/jcip/jcip-annotations/1.0/jcip-annotations-1.0.jar:/Users/mv962/.m2/repository/org/seleniumhq/selenium/jetty-repacked/9.4.12.v20180830/jetty-repacked-9.4.12.v20180830.jar:/Users/mv962/.m2/repository/com/squareup/okhttp3/okhttp/3.11.0/okhttp-3.11.0.jar:/Users/mv962/.m2/repository/com/squareup/okio/okio/1.14.0/okio-1.14.0.jar:/Users/mv962/.m2/repository/javax/servlet/javax.servlet-api/3.1.0/javax.servlet-api-3.1.0.jar:/Users/mv962/.m2/repository/org/yaml/snakeyaml/1.19/snakeyaml-1.19.jar:/Users/mv962/.m2/repository/org/seleniumhq/selenium/selenium-java/3.141.59/selenium-java-3.141.59.jar:/Users/mv962/.m2/repository/org/seleniumhq/selenium/selenium-api/3.141.59/selenium-api-3.141.59.jar:/Users/mv962/.m2/repository/org/seleniumhq/selenium/selenium-chrome-driver/3.141.59/selenium-chrome-driver-3.141.59.jar:/Users/mv962/.m2/repository/org/seleniumhq/selenium/selenium-edge-driver/3.141.59/selenium-edge-driver-3.141.59.jar:/Users/mv962/.m2/repository/org/seleniumhq/selenium/selenium-remote-driver/3.141.59/selenium-remote-driver-3.141.59.jar:/Users/mv962/.m2/repository/org/seleniumhq/selenium/selenium-safari-driver/3.141.59/selenium-safari-driver-3.141.59.jar:/Users/mv962/.m2/repository/org/seleniumhq/selenium/selenium-opera-driver/3.141.59/selenium-opera-driver-3.141.59.jar:/Users/mv962/.m2/repository/org/seleniumhq/selenium/selenium-support/3.141.59/selenium-support-3.141.59.jar:/Users/mv962/.m2/repository/com/paulhammant/ngwebdriver/1.1.4/ngwebdriver-1.1.4.jar:/Users/mv962/.m2/repository/com/codeborne/phantomjsdriver/1.4.4/phantomjsdriver-1.4.4.jar:/Users/mv962/.m2/repository/org/seleniumhq/selenium/htmlunit-driver/2.36.0/htmlunit-driver-2.36.0.jar:/Users/mv962/.m2/repository/io/appium/java-client/7.3.0/java-client-7.3.0.jar:/Users/mv962/.m2/repository/commons-validator/commons-validator/1.6/commons-validator-1.6.jar:/Users/mv962/.m2/repository/commons-beanutils/commons-beanutils/1.9.2/commons-beanutils-1.9.2.jar:/Users/mv962/.m2/repository/commons-digester/commons-digester/1.8.1/commons-digester-1.8.1.jar:/Users/mv962/.m2/repository/org/aspectj/aspectjweaver/1.9.4/aspectjweaver-1.9.4.jar:/Users/mv962/.m2/repository/org/springframework/spring-context-support/5.1.2.RELEASE/spring-context-support-5.1.2.RELEASE.jar:/Users/mv962/.m2/repository/org/springframework/spring-beans/5.1.2.RELEASE/spring-beans-5.1.2.RELEASE.jar:/Users/mv962/.m2/repository/org/springframework/spring-context/5.1.2.RELEASE/spring-context-5.1.2.RELEASE.jar:/Users/mv962/.m2/repository/org/springframework/spring-aop/5.1.2.RELEASE/spring-aop-5.1.2.RELEASE.jar:/Users/mv962/.m2/repository/org/springframework/spring-expression/5.1.2.RELEASE/spring-expression-5.1.2.RELEASE.jar:/Users/mv962/.m2/repository/org/springframework/spring-core/5.1.2.RELEASE/spring-core-5.1.2.RELEASE.jar:/Users/mv962/.m2/repository/org/springframework/spring-jcl/5.1.2.RELEASE/spring-jcl-5.1.2.RELEASE.jar:/Users/mv962/.m2/repository/org/codehaus/groovy/groovy/2.5.5/groovy-2.5.5.jar:/Users/mv962/.m2/repository/net/sf/opencsv/opencsv/2.0/opencsv-2.0.jar:/Users/mv962/.m2/repository/commons-beanutils/commons-beanutils-core/1.8.3/commons-beanutils-core-1.8.3.jar:/Users/mv962/.m2/repository/joda-time/joda-time/2.7/joda-time-2.7.jar:/Users/mv962/.m2/repository/com/thoughtworks/xstream/xstream/1.4.9/xstream-1.4.9.jar:/Users/mv962/.m2/repository/xmlpull/xmlpull/1.1.3.1/xmlpull-1.1.3.1.jar:/Users/mv962/.m2/repository/xpp3/xpp3_min/1.1.4c/xpp3_min-1.1.4c.jar:/Users/mv962/.m2/repository/org/apache/commons/commons-lang3/3.8.1/commons-lang3-3.8.1.jar:/Users/mv962/.m2/repository/commons-collections/commons-collections/3.2.2/commons-collections-3.2.2.jar:/Users/mv962/.m2/repository/org/freemarker/freemarker/2.3.29/freemarker-2.3.29.jar:/Users/mv962/.m2/repository/net/sourceforge/jexcelapi/jxl/2.6.12/jxl-2.6.12.jar:/Users/mv962/.m2/repository/org/hamcrest/hamcrest-library/1.3/hamcrest-library-1.3.jar:/Users/mv962/.m2/repository/net/sourceforge/htmlunit/htmlunit/2.36.0/htmlunit-2.36.0.jar:/Users/mv962/.m2/repository/net/sourceforge/htmlunit/htmlunit-core-js/2.36.0/htmlunit-core-js-2.36.0.jar:/Users/mv962/.m2/repository/net/sourceforge/htmlunit/neko-htmlunit/2.36.0/neko-htmlunit-2.36.0.jar:/Users/mv962/.m2/repository/xerces/xercesImpl/2.12.0/xercesImpl-2.12.0.jar:/Users/mv962/.m2/repository/net/sourceforge/htmlunit/htmlunit-cssparser/1.5.0/htmlunit-cssparser-1.5.0.jar:/Users/mv962/.m2/repository/org/brotli/dec/0.1.2/dec-0.1.2.jar:/Users/mv962/.m2/repository/org/eclipse/jetty/websocket/websocket-client/9.4.20.v20190813/websocket-client-9.4.20.v20190813.jar:/Users/mv962/.m2/repository/org/eclipse/jetty/jetty-client/9.4.20.v20190813/jetty-client-9.4.20.v20190813.jar:/Users/mv962/.m2/repository/org/eclipse/jetty/jetty-http/9.4.20.v20190813/jetty-http-9.4.20.v20190813.jar:/Users/mv962/.m2/repository/org/eclipse/jetty/jetty-xml/9.4.20.v20190813/jetty-xml-9.4.20.v20190813.jar:/Users/mv962/.m2/repository/org/eclipse/jetty/jetty-util/9.4.20.v20190813/jetty-util-9.4.20.v20190813.jar:/Users/mv962/.m2/repository/org/eclipse/jetty/jetty-io/9.4.20.v20190813/jetty-io-9.4.20.v20190813.jar:/Users/mv962/.m2/repository/org/eclipse/jetty/websocket/websocket-common/9.4.20.v20190813/websocket-common-9.4.20.v20190813.jar:/Users/mv962/.m2/repository/org/eclipse/jetty/websocket/websocket-api/9.4.20.v20190813/websocket-api-9.4.20.v20190813.jar:/Users/mv962/.m2/repository/org/apache/httpcomponents/httpclient/4.5.5/httpclient-4.5.5.jar:/Users/mv962/.m2/repository/org/apache/httpcomponents/httpcore/4.4.9/httpcore-4.4.9.jar:/Users/mv962/.m2/repository/org/apache/httpcomponents/httpmime/4.5.5/httpmime-4.5.5.jar:/Users/mv962/.m2/repository/org/fluentlenium/fluentlenium-core/0.10.2/fluentlenium-core-0.10.2.jar:/Users/mv962/.m2/repository/com/jhlabs/filters/2.0.235/filters-2.0.235.jar:/Users/mv962/.m2/repository/org/asciidoctor/asciidoctorj/1.5.6/asciidoctorj-1.5.6.jar:/Users/mv962/.m2/repository/org/jruby/jruby-complete/1.7.26/jruby-complete-1.7.26.jar:/Users/mv962/.m2/repository/org/imgscalr/imgscalr-lib/4.2/imgscalr-lib-4.2.jar:/Users/mv962/.m2/repository/javax/el/javax.el-api/2.2.4/javax.el-api-2.2.4.jar:/Users/mv962/.m2/repository/org/glassfish/web/javax.el/2.2.4/javax.el-2.2.4.jar:/Users/mv962/.m2/repository/xalan/xalan/2.7.2/xalan-2.7.2.jar:/Users/mv962/.m2/repository/xalan/serializer/2.7.2/serializer-2.7.2.jar:/Users/mv962/.m2/repository/org/awaitility/awaitility/4.0.1/awaitility-4.0.1.jar:/Users/mv962/.m2/repository/org/hamcrest/hamcrest/2.1/hamcrest-2.1.jar:/Users/mv962/.m2/repository/com/typesafe/config/1.3.1/config-1.3.1.jar:/Users/mv962/.m2/repository/org/jsoup/jsoup/1.10.3/jsoup-1.10.3.jar:/Users/mv962/.m2/repository/com/google/jimfs/jimfs/1.1/jimfs-1.1.jar:/Users/mv962/.m2/repository/com/vladsch/flexmark/flexmark-all/0.34.30/flexmark-all-0.34.30.jar:/Users/mv962/.m2/repository/com/vladsch/flexmark/flexmark/0.34.30/flexmark-0.34.30.jar:/Users/mv962/.m2/repository/com/vladsch/flexmark/flexmark-ext-abbreviation/0.34.30/flexmark-ext-abbreviation-0.34.30.jar:/Users/mv962/.m2/repository/com/vladsch/flexmark/flexmark-ext-admonition/0.34.30/flexmark-ext-admonition-0.34.30.jar:/Users/mv962/.m2/repository/com/vladsch/flexmark/flexmark-ext-anchorlink/0.34.30/flexmark-ext-anchorlink-0.34.30.jar:/Users/mv962/.m2/repository/com/vladsch/flexmark/flexmark-ext-aside/0.34.30/flexmark-ext-aside-0.34.30.jar:/Users/mv962/.m2/repository/com/vladsch/flexmark/flexmark-ext-attributes/0.34.30/flexmark-ext-attributes-0.34.30.jar:/Users/mv962/.m2/repository/com/vladsch/flexmark/flexmark-ext-autolink/0.34.30/flexmark-ext-autolink-0.34.30.jar:/Users/mv962/.m2/repository/org/nibor/autolink/autolink/0.6.0/autolink-0.6.0.jar:/Users/mv962/.m2/repository/com/vladsch/flexmark/flexmark-ext-definition/0.34.30/flexmark-ext-definition-0.34.30.jar:/Users/mv962/.m2/repository/com/vladsch/flexmark/flexmark-ext-emoji/0.34.30/flexmark-ext-emoji-0.34.30.jar:/Users/mv962/.m2/repository/com/vladsch/flexmark/flexmark-ext-enumerated-reference/0.34.30/flexmark-ext-enumerated-reference-0.34.30.jar:/Users/mv962/.m2/repository/com/vladsch/flexmark/flexmark-ext-escaped-character/0.34.30/flexmark-ext-escaped-character-0.34.30.jar:/Users/mv962/.m2/repository/com/vladsch/flexmark/flexmark-ext-footnotes/0.34.30/flexmark-ext-footnotes-0.34.30.jar:/Users/mv962/.m2/repository/com/vladsch/flexmark/flexmark-ext-gfm-issues/0.34.30/flexmark-ext-gfm-issues-0.34.30.jar:/Users/mv962/.m2/repository/com/vladsch/flexmark/flexmark-ext-gfm-strikethrough/0.34.30/flexmark-ext-gfm-strikethrough-0.34.30.jar:/Users/mv962/.m2/repository/com/vladsch/flexmark/flexmark-ext-gfm-tables/0.34.30/flexmark-ext-gfm-tables-0.34.30.jar:/Users/mv962/.m2/repository/com/vladsch/flexmark/flexmark-ext-gfm-tasklist/0.34.30/flexmark-ext-gfm-tasklist-0.34.30.jar:/Users/mv962/.m2/repository/com/vladsch/flexmark/flexmark-ext-gfm-users/0.34.30/flexmark-ext-gfm-users-0.34.30.jar:/Users/mv962/.m2/repository/com/vladsch/flexmark/flexmark-ext-gitlab/0.34.30/flexmark-ext-gitlab-0.34.30.jar:/Users/mv962/.m2/repository/com/vladsch/flexmark/flexmark-ext-jekyll-front-matter/0.34.30/flexmark-ext-jekyll-front-matter-0.34.30.jar:/Users/mv962/.m2/repository/com/vladsch/flexmark/flexmark-ext-jekyll-tag/0.34.30/flexmark-ext-jekyll-tag-0.34.30.jar:/Users/mv962/.m2/repository/com/vladsch/flexmark/flexmark-ext-media-tags/0.34.30/flexmark-ext-media-tags-0.34.30.jar:/Users/mv962/.m2/repository/com/vladsch/flexmark/flexmark-test-util/0.34.30/flexmark-test-util-0.34.30.jar:/Users/mv962/.m2/repository/com/vladsch/flexmark/flexmark-ext-ins/0.34.30/flexmark-ext-ins-0.34.30.jar:/Users/mv962/.m2/repository/com/vladsch/flexmark/flexmark-ext-xwiki-macros/0.34.30/flexmark-ext-xwiki-macros-0.34.30.jar:/Users/mv962/.m2/repository/com/vladsch/flexmark/flexmark-ext-superscript/0.34.30/flexmark-ext-superscript-0.34.30.jar:/Users/mv962/.m2/repository/com/vladsch/flexmark/flexmark-ext-tables/0.34.30/flexmark-ext-tables-0.34.30.jar:/Users/mv962/.m2/repository/com/vladsch/flexmark/flexmark-ext-toc/0.34.30/flexmark-ext-toc-0.34.30.jar:/Users/mv962/.m2/repository/com/vladsch/flexmark/flexmark-ext-typographic/0.34.30/flexmark-ext-typographic-0.34.30.jar:/Users/mv962/.m2/repository/com/vladsch/flexmark/flexmark-ext-wikilink/0.34.30/flexmark-ext-wikilink-0.34.30.jar:/Users/mv962/.m2/repository/com/vladsch/flexmark/flexmark-ext-yaml-front-matter/0.34.30/flexmark-ext-yaml-front-matter-0.34.30.jar:/Users/mv962/.m2/repository/com/vladsch/flexmark/flexmark-ext-youtube-embedded/0.34.30/flexmark-ext-youtube-embedded-0.34.30.jar:/Users/mv962/.m2/repository/com/vladsch/flexmark/flexmark-formatter/0.34.30/flexmark-formatter-0.34.30.jar:/Users/mv962/.m2/repository/com/vladsch/flexmark/flexmark-html-parser/0.34.30/flexmark-html-parser-0.34.30.jar:/Users/mv962/.m2/repository/com/vladsch/flexmark/flexmark-jira-converter/0.34.30/flexmark-jira-converter-0.34.30.jar:/Users/mv962/.m2/repository/com/vladsch/flexmark/flexmark-pdf-converter/0.34.30/flexmark-pdf-converter-0.34.30.jar:/Users/mv962/.m2/repository/com/openhtmltopdf/openhtmltopdf-core/0.0.1-RC13/openhtmltopdf-core-0.0.1-RC13.jar:/Users/mv962/.m2/repository/com/openhtmltopdf/openhtmltopdf-pdfbox/0.0.1-RC13/openhtmltopdf-pdfbox-0.0.1-RC13.jar:/Users/mv962/.m2/repository/org/apache/pdfbox/pdfbox/2.0.8/pdfbox-2.0.8.jar:/Users/mv962/.m2/repository/org/apache/pdfbox/fontbox/2.0.8/fontbox-2.0.8.jar:/Users/mv962/.m2/repository/org/apache/pdfbox/xmpbox/2.0.8/xmpbox-2.0.8.jar:/Users/mv962/.m2/repository/de/rototor/pdfbox/graphics2d/0.12/graphics2d-0.12.jar:/Users/mv962/.m2/repository/com/openhtmltopdf/openhtmltopdf-rtl-support/0.0.1-RC13/openhtmltopdf-rtl-support-0.0.1-RC13.jar:/Users/mv962/.m2/repository/com/ibm/icu/icu4j/59.1/icu4j-59.1.jar:/Users/mv962/.m2/repository/com/openhtmltopdf/openhtmltopdf-jsoup-dom-converter/0.0.1-RC13/openhtmltopdf-jsoup-dom-converter-0.0.1-RC13.jar:/Users/mv962/.m2/repository/com/vladsch/flexmark/flexmark-profile-pegdown/0.34.30/flexmark-profile-pegdown-0.34.30.jar:/Users/mv962/.m2/repository/com/vladsch/flexmark/flexmark-util/0.34.30/flexmark-util-0.34.30.jar:/Users/mv962/.m2/repository/com/vladsch/flexmark/flexmark-youtrack-converter/0.34.30/flexmark-youtrack-converter-0.34.30.jar:/Users/mv962/.m2/repository/io/cucumber/cucumber-java/4.8.0/cucumber-java-4.8.0.jar:/Users/mv962/.m2/repository/org/apiguardian/apiguardian-api/1.1.0/apiguardian-api-1.1.0.jar:/Users/mv962/.m2/repository/io/cucumber/cucumber-junit/4.8.0/cucumber-junit-4.8.0.jar:/Users/mv962/.m2/repository/junit/junit/4.12/junit-4.12.jar:/Users/mv962/.m2/repository/org/slf4j/slf4j-api/1.7.30/slf4j-api-1.7.30.jar:/Users/mv962/.m2/repository/org/slf4j/slf4j-simple/1.7.30/slf4j-simple-1.7.30.jar:/Users/mv962/.m2/repository/org/slf4j/slf4j-log4j12/1.7.30/slf4j-log4j12-1.7.30.jar:/Users/mv962/.m2/repository/log4j/log4j/1.2.17/log4j-1.2.17.jar:/Users/mv962/.m2/repository/org/assertj/assertj-core/3.17.0/assertj-core-3.17.0.jar:/Users/mv962/.m2/repository/mysql/mysql-connector-java/8.0.19/mysql-connector-java-8.0.19.jar:/Users/mv962/.m2/repository/com/google/protobuf/protobuf-java/3.6.1/protobuf-java-3.6.1.jar:/Users/mv962/.m2/repository/com/oracle/database/jdbc/ojdbc6/11.2.0.4/ojdbc6-11.2.0.4.jar:/Users/mv962/.m2/repository/com/oracle/database/jdbc/ucp/11.2.0.4/ucp-11.2.0.4.jar:/Users/mv962/.m2/repository/com/oracle/database/security/oraclepki/11.2.0.4/oraclepki-11.2.0.4.jar:/Users/mv962/.m2/repository/com/oracle/database/security/osdt_cert/11.2.0.4/osdt_cert-11.2.0.4.jar:/Users/mv962/.m2/repository/com/oracle/database/security/osdt_core/11.2.0.4/osdt_core-11.2.0.4.jar:/Users/mv962/.m2/repository/com/oracle/database/ha/simplefan/11.2.0.4/simplefan-11.2.0.4.jar:/Users/mv962/.m2/repository/com/oracle/database/ha/ons/11.2.0.4/ons-11.2.0.4.jar:/Users/mv962/.m2/repository/net/sourceforge/jtds/jtds/1.3.1/jtds-1.3.1.jar:"/>
    <property name="java.vm.vendor" value="Oracle Corporation"/>
    <property name="sun.arch.data.model" value="64"/>
    <property name="sun.font.fontmanager" value="sun.font.CFontManager"/>
    <property name="java.vendor.url" value="http://java.oracle.com/"/>
    <property name="user.timezone" value="Asia/Ho_Chi_Minh"/>
    <property name="java.vm.specification.version" value="1.8"/>
    <property name="os.name" value="Mac OS X"/>
    <property name="user.country" value="US"/>
    <property name="sun.java.launcher" value="SUN_STANDARD"/>
    <property name="sun.boot.library.path" value="/Library/Java/JavaVirtualMachines/jdk1.8.0_201.jdk/Contents/Home/jre/lib"/>
    <property name="sun.java.command" value="/Volumes/D/ViettelAuto/workspace_VT/06_GLOBAL_RECRUITMENT_WEB_VTLIMEX/target/surefire/surefirebooter7549996094343036445.jar /Volumes/D/ViettelAuto/workspace_VT/06_GLOBAL_RECRUITMENT_WEB_VTLIMEX/target/surefire 2021-02-26T10-04-18_920-jvmRun1 surefire8242509324389913728tmp surefire_0850828930040881671tmp"/>
    <property name="http.nonProxyHosts" value="local|*.local|169.254/16|*.169.254/16"/>
    <property name="surefire.test.class.path" value="/Volumes/D/ViettelAuto/workspace_VT/06_GLOBAL_RECRUITMENT_WEB_VTLIMEX/target/test-classes:/Volumes/D/ViettelAuto/workspace_VT/06_GLOBAL_RECRUITMENT_WEB_VTLIMEX/target/07_SOFTWARE_INTEGRATION_WEB_VTLIMEX-0.0.1-SNAPSHOT.jar:/Users/mv962/.m2/repository/net/serenity-bdd/serenity-cucumber4/2.1.2/serenity-cucumber4-2.1.2.jar:/Users/mv962/.m2/repository/net/serenity-bdd/serenity-screenplay/2.1.2/serenity-screenplay-2.1.2.jar:/Users/mv962/.m2/repository/net/serenity-bdd/serenity-screenplay-webdriver/2.1.2/serenity-screenplay-webdriver-2.1.2.jar:/Users/mv962/.m2/repository/io/cucumber/cucumber-core/4.8.0/cucumber-core-4.8.0.jar:/Users/mv962/.m2/repository/io/cucumber/gherkin/5.1.0/gherkin-5.1.0.jar:/Users/mv962/.m2/repository/io/cucumber/tag-expressions/1.1.1/tag-expressions-1.1.1.jar:/Users/mv962/.m2/repository/io/cucumber/cucumber-expressions/7.0.2/cucumber-expressions-7.0.2.jar:/Users/mv962/.m2/repository/io/cucumber/datatable/1.1.14/datatable-1.1.14.jar:/Users/mv962/.m2/repository/io/cucumber/datatable-dependencies/1.1.14/datatable-dependencies-1.1.14.jar:/Users/mv962/.m2/repository/io/cucumber/datatable-matchers/1.1.14/datatable-matchers-1.1.14.jar:/Users/mv962/.m2/repository/commons-logging/commons-logging/1.2/commons-logging-1.2.jar:/Users/mv962/.m2/repository/org/apache/commons/commons-csv/1.5/commons-csv-1.5.jar:/Users/mv962/.m2/repository/com/google/code/gson/gson/2.8.4/gson-2.8.4.jar:/Users/mv962/.m2/repository/net/serenity-bdd/serenity-junit/2.1.5/serenity-junit-2.1.5.jar:/Users/mv962/.m2/repository/net/bytebuddy/byte-buddy/1.10.1/byte-buddy-1.10.1.jar:/Users/mv962/.m2/repository/net/bytebuddy/byte-buddy-agent/1.10.1/byte-buddy-agent-1.10.1.jar:/Users/mv962/.m2/repository/com/google/guava/guava/25.0-jre/guava-25.0-jre.jar:/Users/mv962/.m2/repository/com/google/code/findbugs/jsr305/1.3.9/jsr305-1.3.9.jar:/Users/mv962/.m2/repository/org/checkerframework/checker-compat-qual/2.0.0/checker-compat-qual-2.0.0.jar:/Users/mv962/.m2/repository/com/google/errorprone/error_prone_annotations/2.1.3/error_prone_annotations-2.1.3.jar:/Users/mv962/.m2/repository/com/google/j2objc/j2objc-annotations/1.1/j2objc-annotations-1.1.jar:/Users/mv962/.m2/repository/org/codehaus/mojo/animal-sniffer-annotations/1.14/animal-sniffer-annotations-1.14.jar:/Users/mv962/.m2/repository/com/google/inject/guice/4.2.2/guice-4.2.2.jar:/Users/mv962/.m2/repository/javax/inject/javax.inject/1/javax.inject-1.jar:/Users/mv962/.m2/repository/aopalliance/aopalliance/1.0/aopalliance-1.0.jar:/Users/mv962/.m2/repository/org/ow2/asm/asm/7.2/asm-7.2.jar:/Users/mv962/.m2/repository/commons-codec/commons-codec/1.10/commons-codec-1.10.jar:/Users/mv962/.m2/repository/org/objenesis/objenesis/3.0.1/objenesis-3.0.1.jar:/Users/mv962/.m2/repository/xml-apis/xml-apis/1.4.01/xml-apis-1.4.01.jar:/Users/mv962/.m2/repository/io/vavr/vavr/0.9.0/vavr-0.9.0.jar:/Users/mv962/.m2/repository/io/vavr/vavr-match/0.9.0/vavr-match-0.9.0.jar:/Users/mv962/.m2/repository/javax/xml/bind/jaxb-api/2.2.12/jaxb-api-2.2.12.jar:/Users/mv962/.m2/repository/com/sun/xml/bind/jaxb-core/2.3.0.1/jaxb-core-2.3.0.1.jar:/Users/mv962/.m2/repository/com/sun/xml/bind/jaxb-impl/2.3.0.1/jaxb-impl-2.3.0.1.jar:/Users/mv962/.m2/repository/javax/activation/activation/1.1.1/activation-1.1.1.jar:/Users/mv962/.m2/repository/org/mockito/mockito-core/3.1.0/mockito-core-3.1.0.jar:/Users/mv962/.m2/repository/net/serenity-bdd/serenity-model/2.1.5/serenity-model-2.1.5.jar:/Users/mv962/.m2/repository/commons-net/commons-net/3.6/commons-net-3.6.jar:/Users/mv962/.m2/repository/org/apache/commons/commons-text/1.6/commons-text-1.6.jar:/Users/mv962/.m2/repository/es/nitaur/markdown/txtmark/0.16/txtmark-0.16.jar:/Users/mv962/.m2/repository/org/hamcrest/hamcrest-core/1.3/hamcrest-core-1.3.jar:/Users/mv962/.m2/repository/net/serenity-bdd/serenity-core/2.1.5/serenity-core-2.1.5.jar:/Users/mv962/.m2/repository/net/serenity-bdd/serenity-report-resources/2.1.5/serenity-report-resources-2.1.5.jar:/Users/mv962/.m2/repository/net/serenity-bdd/serenity-reports/2.1.5/serenity-reports-2.1.5.jar:/Users/mv962/.m2/repository/net/serenity-bdd/serenity-stats/2.1.5/serenity-stats-2.1.5.jar:/Users/mv962/.m2/repository/org/jetbrains/kotlin/kotlin-stdlib/1.3.31/kotlin-stdlib-1.3.31.jar:/Users/mv962/.m2/repository/org/jetbrains/kotlin/kotlin-stdlib-common/1.3.31/kotlin-stdlib-common-1.3.31.jar:/Users/mv962/.m2/repository/org/jetbrains/annotations/13.0/annotations-13.0.jar:/Users/mv962/.m2/repository/commons-io/commons-io/2.6/commons-io-2.6.jar:/Users/mv962/.m2/repository/org/seleniumhq/selenium/selenium-server/3.141.59/selenium-server-3.141.59.jar:/Users/mv962/.m2/repository/org/seleniumhq/selenium/selenium-firefox-driver/3.141.59/selenium-firefox-driver-3.141.59.jar:/Users/mv962/.m2/repository/org/seleniumhq/selenium/selenium-ie-driver/3.141.59/selenium-ie-driver-3.141.59.jar:/Users/mv962/.m2/repository/com/beust/jcommander/1.72/jcommander-1.72.jar:/Users/mv962/.m2/repository/org/apache/commons/commons-exec/1.3/commons-exec-1.3.jar:/Users/mv962/.m2/repository/net/jcip/jcip-annotations/1.0/jcip-annotations-1.0.jar:/Users/mv962/.m2/repository/org/seleniumhq/selenium/jetty-repacked/9.4.12.v20180830/jetty-repacked-9.4.12.v20180830.jar:/Users/mv962/.m2/repository/com/squareup/okhttp3/okhttp/3.11.0/okhttp-3.11.0.jar:/Users/mv962/.m2/repository/com/squareup/okio/okio/1.14.0/okio-1.14.0.jar:/Users/mv962/.m2/repository/javax/servlet/javax.servlet-api/3.1.0/javax.servlet-api-3.1.0.jar:/Users/mv962/.m2/repository/org/yaml/snakeyaml/1.19/snakeyaml-1.19.jar:/Users/mv962/.m2/repository/org/seleniumhq/selenium/selenium-java/3.141.59/selenium-java-3.141.59.jar:/Users/mv962/.m2/repository/org/seleniumhq/selenium/selenium-api/3.141.59/selenium-api-3.141.59.jar:/Users/mv962/.m2/repository/org/seleniumhq/selenium/selenium-chrome-driver/3.141.59/selenium-chrome-driver-3.141.59.jar:/Users/mv962/.m2/repository/org/seleniumhq/selenium/selenium-edge-driver/3.141.59/selenium-edge-driver-3.141.59.jar:/Users/mv962/.m2/repository/org/seleniumhq/selenium/selenium-remote-driver/3.141.59/selenium-remote-driver-3.141.59.jar:/Users/mv962/.m2/repository/org/seleniumhq/selenium/selenium-safari-driver/3.141.59/selenium-safari-driver-3.141.59.jar:/Users/mv962/.m2/repository/org/seleniumhq/selenium/selenium-opera-driver/3.141.59/selenium-opera-driver-3.141.59.jar:/Users/mv962/.m2/repository/org/seleniumhq/selenium/selenium-support/3.141.59/selenium-support-3.141.59.jar:/Users/mv962/.m2/repository/com/paulhammant/ngwebdriver/1.1.4/ngwebdriver-1.1.4.jar:/Users/mv962/.m2/repository/com/codeborne/phantomjsdriver/1.4.4/phantomjsdriver-1.4.4.jar:/Users/mv962/.m2/repository/org/seleniumhq/selenium/htmlunit-driver/2.36.0/htmlunit-driver-2.36.0.jar:/Users/mv962/.m2/repository/io/appium/java-client/7.3.0/java-client-7.3.0.jar:/Users/mv962/.m2/repository/commons-validator/commons-validator/1.6/commons-validator-1.6.jar:/Users/mv962/.m2/repository/commons-beanutils/commons-beanutils/1.9.2/commons-beanutils-1.9.2.jar:/Users/mv962/.m2/repository/commons-digester/commons-digester/1.8.1/commons-digester-1.8.1.jar:/Users/mv962/.m2/repository/org/aspectj/aspectjweaver/1.9.4/aspectjweaver-1.9.4.jar:/Users/mv962/.m2/repository/org/springframework/spring-context-support/5.1.2.RELEASE/spring-context-support-5.1.2.RELEASE.jar:/Users/mv962/.m2/repository/org/springframework/spring-beans/5.1.2.RELEASE/spring-beans-5.1.2.RELEASE.jar:/Users/mv962/.m2/repository/org/springframework/spring-context/5.1.2.RELEASE/spring-context-5.1.2.RELEASE.jar:/Users/mv962/.m2/repository/org/springframework/spring-aop/5.1.2.RELEASE/spring-aop-5.1.2.RELEASE.jar:/Users/mv962/.m2/repository/org/springframework/spring-expression/5.1.2.RELEASE/spring-expression-5.1.2.RELEASE.jar:/Users/mv962/.m2/repository/org/springframework/spring-core/5.1.2.RELEASE/spring-core-5.1.2.RELEASE.jar:/Users/mv962/.m2/repository/org/springframework/spring-jcl/5.1.2.RELEASE/spring-jcl-5.1.2.RELEASE.jar:/Users/mv962/.m2/repository/org/codehaus/groovy/groovy/2.5.5/groovy-2.5.5.jar:/Users/mv962/.m2/repository/net/sf/opencsv/opencsv/2.0/opencsv-2.0.jar:/Users/mv962/.m2/repository/commons-beanutils/commons-beanutils-core/1.8.3/commons-beanutils-core-1.8.3.jar:/Users/mv962/.m2/repository/joda-time/joda-time/2.7/joda-time-2.7.jar:/Users/mv962/.m2/repository/com/thoughtworks/xstream/xstream/1.4.9/xstream-1.4.9.jar:/Users/mv962/.m2/repository/xmlpull/xmlpull/1.1.3.1/xmlpull-1.1.3.1.jar:/Users/mv962/.m2/repository/xpp3/xpp3_min/1.1.4c/xpp3_min-1.1.4c.jar:/Users/mv962/.m2/repository/org/apache/commons/commons-lang3/3.8.1/commons-lang3-3.8.1.jar:/Users/mv962/.m2/repository/commons-collections/commons-collections/3.2.2/commons-collections-3.2.2.jar:/Users/mv962/.m2/repository/org/freemarker/freemarker/2.3.29/freemarker-2.3.29.jar:/Users/mv962/.m2/repository/net/sourceforge/jexcelapi/jxl/2.6.12/jxl-2.6.12.jar:/Users/mv962/.m2/repository/org/hamcrest/hamcrest-library/1.3/hamcrest-library-1.3.jar:/Users/mv962/.m2/repository/net/sourceforge/htmlunit/htmlunit/2.36.0/htmlunit-2.36.0.jar:/Users/mv962/.m2/repository/net/sourceforge/htmlunit/htmlunit-core-js/2.36.0/htmlunit-core-js-2.36.0.jar:/Users/mv962/.m2/repository/net/sourceforge/htmlunit/neko-htmlunit/2.36.0/neko-htmlunit-2.36.0.jar:/Users/mv962/.m2/repository/xerces/xercesImpl/2.12.0/xercesImpl-2.12.0.jar:/Users/mv962/.m2/repository/net/sourceforge/htmlunit/htmlunit-cssparser/1.5.0/htmlunit-cssparser-1.5.0.jar:/Users/mv962/.m2/repository/org/brotli/dec/0.1.2/dec-0.1.2.jar:/Users/mv962/.m2/repository/org/eclipse/jetty/websocket/websocket-client/9.4.20.v20190813/websocket-client-9.4.20.v20190813.jar:/Users/mv962/.m2/repository/org/eclipse/jetty/jetty-client/9.4.20.v20190813/jetty-client-9.4.20.v20190813.jar:/Users/mv962/.m2/repository/org/eclipse/jetty/jetty-http/9.4.20.v20190813/jetty-http-9.4.20.v20190813.jar:/Users/mv962/.m2/repository/org/eclipse/jetty/jetty-xml/9.4.20.v20190813/jetty-xml-9.4.20.v20190813.jar:/Users/mv962/.m2/repository/org/eclipse/jetty/jetty-util/9.4.20.v20190813/jetty-util-9.4.20.v20190813.jar:/Users/mv962/.m2/repository/org/eclipse/jetty/jetty-io/9.4.20.v20190813/jetty-io-9.4.20.v20190813.jar:/Users/mv962/.m2/repository/org/eclipse/jetty/websocket/websocket-common/9.4.20.v20190813/websocket-common-9.4.20.v20190813.jar:/Users/mv962/.m2/repository/org/eclipse/jetty/websocket/websocket-api/9.4.20.v20190813/websocket-api-9.4.20.v20190813.jar:/Users/mv962/.m2/repository/org/apache/httpcomponents/httpclient/4.5.5/httpclient-4.5.5.jar:/Users/mv962/.m2/repository/org/apache/httpcomponents/httpcore/4.4.9/httpcore-4.4.9.jar:/Users/mv962/.m2/repository/org/apache/httpcomponents/httpmime/4.5.5/httpmime-4.5.5.jar:/Users/mv962/.m2/repository/org/fluentlenium/fluentlenium-core/0.10.2/fluentlenium-core-0.10.2.jar:/Users/mv962/.m2/repository/com/jhlabs/filters/2.0.235/filters-2.0.235.jar:/Users/mv962/.m2/repository/org/asciidoctor/asciidoctorj/1.5.6/asciidoctorj-1.5.6.jar:/Users/mv962/.m2/repository/org/jruby/jruby-complete/1.7.26/jruby-complete-1.7.26.jar:/Users/mv962/.m2/repository/org/imgscalr/imgscalr-lib/4.2/imgscalr-lib-4.2.jar:/Users/mv962/.m2/repository/javax/el/javax.el-api/2.2.4/javax.el-api-2.2.4.jar:/Users/mv962/.m2/repository/org/glassfish/web/javax.el/2.2.4/javax.el-2.2.4.jar:/Users/mv962/.m2/repository/xalan/xalan/2.7.2/xalan-2.7.2.jar:/Users/mv962/.m2/repository/xalan/serializer/2.7.2/serializer-2.7.2.jar:/Users/mv962/.m2/repository/org/awaitility/awaitility/4.0.1/awaitility-4.0.1.jar:/Users/mv962/.m2/repository/org/hamcrest/hamcrest/2.1/hamcrest-2.1.jar:/Users/mv962/.m2/repository/com/typesafe/config/1.3.1/config-1.3.1.jar:/Users/mv962/.m2/repository/org/jsoup/jsoup/1.10.3/jsoup-1.10.3.jar:/Users/mv962/.m2/repository/com/google/jimfs/jimfs/1.1/jimfs-1.1.jar:/Users/mv962/.m2/repository/com/vladsch/flexmark/flexmark-all/0.34.30/flexmark-all-0.34.30.jar:/Users/mv962/.m2/repository/com/vladsch/flexmark/flexmark/0.34.30/flexmark-0.34.30.jar:/Users/mv962/.m2/repository/com/vladsch/flexmark/flexmark-ext-abbreviation/0.34.30/flexmark-ext-abbreviation-0.34.30.jar:/Users/mv962/.m2/repository/com/vladsch/flexmark/flexmark-ext-admonition/0.34.30/flexmark-ext-admonition-0.34.30.jar:/Users/mv962/.m2/repository/com/vladsch/flexmark/flexmark-ext-anchorlink/0.34.30/flexmark-ext-anchorlink-0.34.30.jar:/Users/mv962/.m2/repository/com/vladsch/flexmark/flexmark-ext-aside/0.34.30/flexmark-ext-aside-0.34.30.jar:/Users/mv962/.m2/repository/com/vladsch/flexmark/flexmark-ext-attributes/0.34.30/flexmark-ext-attributes-0.34.30.jar:/Users/mv962/.m2/repository/com/vladsch/flexmark/flexmark-ext-autolink/0.34.30/flexmark-ext-autolink-0.34.30.jar:/Users/mv962/.m2/repository/org/nibor/autolink/autolink/0.6.0/autolink-0.6.0.jar:/Users/mv962/.m2/repository/com/vladsch/flexmark/flexmark-ext-definition/0.34.30/flexmark-ext-definition-0.34.30.jar:/Users/mv962/.m2/repository/com/vladsch/flexmark/flexmark-ext-emoji/0.34.30/flexmark-ext-emoji-0.34.30.jar:/Users/mv962/.m2/repository/com/vladsch/flexmark/flexmark-ext-enumerated-reference/0.34.30/flexmark-ext-enumerated-reference-0.34.30.jar:/Users/mv962/.m2/repository/com/vladsch/flexmark/flexmark-ext-escaped-character/0.34.30/flexmark-ext-escaped-character-0.34.30.jar:/Users/mv962/.m2/repository/com/vladsch/flexmark/flexmark-ext-footnotes/0.34.30/flexmark-ext-footnotes-0.34.30.jar:/Users/mv962/.m2/repository/com/vladsch/flexmark/flexmark-ext-gfm-issues/0.34.30/flexmark-ext-gfm-issues-0.34.30.jar:/Users/mv962/.m2/repository/com/vladsch/flexmark/flexmark-ext-gfm-strikethrough/0.34.30/flexmark-ext-gfm-strikethrough-0.34.30.jar:/Users/mv962/.m2/repository/com/vladsch/flexmark/flexmark-ext-gfm-tables/0.34.30/flexmark-ext-gfm-tables-0.34.30.jar:/Users/mv962/.m2/repository/com/vladsch/flexmark/flexmark-ext-gfm-tasklist/0.34.30/flexmark-ext-gfm-tasklist-0.34.30.jar:/Users/mv962/.m2/repository/com/vladsch/flexmark/flexmark-ext-gfm-users/0.34.30/flexmark-ext-gfm-users-0.34.30.jar:/Users/mv962/.m2/repository/com/vladsch/flexmark/flexmark-ext-gitlab/0.34.30/flexmark-ext-gitlab-0.34.30.jar:/Users/mv962/.m2/repository/com/vladsch/flexmark/flexmark-ext-jekyll-front-matter/0.34.30/flexmark-ext-jekyll-front-matter-0.34.30.jar:/Users/mv962/.m2/repository/com/vladsch/flexmark/flexmark-ext-jekyll-tag/0.34.30/flexmark-ext-jekyll-tag-0.34.30.jar:/Users/mv962/.m2/repository/com/vladsch/flexmark/flexmark-ext-media-tags/0.34.30/flexmark-ext-media-tags-0.34.30.jar:/Users/mv962/.m2/repository/com/vladsch/flexmark/flexmark-test-util/0.34.30/flexmark-test-util-0.34.30.jar:/Users/mv962/.m2/repository/com/vladsch/flexmark/flexmark-ext-ins/0.34.30/flexmark-ext-ins-0.34.30.jar:/Users/mv962/.m2/repository/com/vladsch/flexmark/flexmark-ext-xwiki-macros/0.34.30/flexmark-ext-xwiki-macros-0.34.30.jar:/Users/mv962/.m2/repository/com/vladsch/flexmark/flexmark-ext-superscript/0.34.30/flexmark-ext-superscript-0.34.30.jar:/Users/mv962/.m2/repository/com/vladsch/flexmark/flexmark-ext-tables/0.34.30/flexmark-ext-tables-0.34.30.jar:/Users/mv962/.m2/repository/com/vladsch/flexmark/flexmark-ext-toc/0.34.30/flexmark-ext-toc-0.34.30.jar:/Users/mv962/.m2/repository/com/vladsch/flexmark/flexmark-ext-typographic/0.34.30/flexmark-ext-typographic-0.34.30.jar:/Users/mv962/.m2/repository/com/vladsch/flexmark/flexmark-ext-wikilink/0.34.30/flexmark-ext-wikilink-0.34.30.jar:/Users/mv962/.m2/repository/com/vladsch/flexmark/flexmark-ext-yaml-front-matter/0.34.30/flexmark-ext-yaml-front-matter-0.34.30.jar:/Users/mv962/.m2/repository/com/vladsch/flexmark/flexmark-ext-youtube-embedded/0.34.30/flexmark-ext-youtube-embedded-0.34.30.jar:/Users/mv962/.m2/repository/com/vladsch/flexmark/flexmark-formatter/0.34.30/flexmark-formatter-0.34.30.jar:/Users/mv962/.m2/repository/com/vladsch/flexmark/flexmark-html-parser/0.34.30/flexmark-html-parser-0.34.30.jar:/Users/mv962/.m2/repository/com/vladsch/flexmark/flexmark-jira-converter/0.34.30/flexmark-jira-converter-0.34.30.jar:/Users/mv962/.m2/repository/com/vladsch/flexmark/flexmark-pdf-converter/0.34.30/flexmark-pdf-converter-0.34.30.jar:/Users/mv962/.m2/repository/com/openhtmltopdf/openhtmltopdf-core/0.0.1-RC13/openhtmltopdf-core-0.0.1-RC13.jar:/Users/mv962/.m2/repository/com/openhtmltopdf/openhtmltopdf-pdfbox/0.0.1-RC13/openhtmltopdf-pdfbox-0.0.1-RC13.jar:/Users/mv962/.m2/repository/org/apache/pdfbox/pdfbox/2.0.8/pdfbox-2.0.8.jar:/Users/mv962/.m2/repository/org/apache/pdfbox/fontbox/2.0.8/fontbox-2.0.8.jar:/Users/mv962/.m2/repository/org/apache/pdfbox/xmpbox/2.0.8/xmpbox-2.0.8.jar:/Users/mv962/.m2/repository/de/rototor/pdfbox/graphics2d/0.12/graphics2d-0.12.jar:/Users/mv962/.m2/repository/com/openhtmltopdf/openhtmltopdf-rtl-support/0.0.1-RC13/openhtmltopdf-rtl-support-0.0.1-RC13.jar:/Users/mv962/.m2/repository/com/ibm/icu/icu4j/59.1/icu4j-59.1.jar:/Users/mv962/.m2/repository/com/openhtmltopdf/openhtmltopdf-jsoup-dom-converter/0.0.1-RC13/openhtmltopdf-jsoup-dom-converter-0.0.1-RC13.jar:/Users/mv962/.m2/repository/com/vladsch/flexmark/flexmark-profile-pegdown/0.34.30/flexmark-profile-pegdown-0.34.30.jar:/Users/mv962/.m2/repository/com/vladsch/flexmark/flexmark-util/0.34.30/flexmark-util-0.34.30.jar:/Users/mv962/.m2/repository/com/vladsch/flexmark/flexmark-youtrack-converter/0.34.30/flexmark-youtrack-converter-0.34.30.jar:/Users/mv962/.m2/repository/io/cucumber/cucumber-java/4.8.0/cucumber-java-4.8.0.jar:/Users/mv962/.m2/repository/org/apiguardian/apiguardian-api/1.1.0/apiguardian-api-1.1.0.jar:/Users/mv962/.m2/repository/io/cucumber/cucumber-junit/4.8.0/cucumber-junit-4.8.0.jar:/Users/mv962/.m2/repository/junit/junit/4.12/junit-4.12.jar:/Users/mv962/.m2/repository/org/slf4j/slf4j-api/1.7.30/slf4j-api-1.7.30.jar:/Users/mv962/.m2/repository/org/slf4j/slf4j-simple/1.7.30/slf4j-simple-1.7.30.jar:/Users/mv962/.m2/repository/org/slf4j/slf4j-log4j12/1.7.30/slf4j-log4j12-1.7.30.jar:/Users/mv962/.m2/repository/log4j/log4j/1.2.17/log4j-1.2.17.jar:/Users/mv962/.m2/repository/org/assertj/assertj-core/3.17.0/assertj-core-3.17.0.jar:/Users/mv962/.m2/repository/mysql/mysql-connector-java/8.0.19/mysql-connector-java-8.0.19.jar:/Users/mv962/.m2/repository/com/google/protobuf/protobuf-java/3.6.1/protobuf-java-3.6.1.jar:/Users/mv962/.m2/repository/com/oracle/database/jdbc/ojdbc6/11.2.0.4/ojdbc6-11.2.0.4.jar:/Users/mv962/.m2/repository/com/oracle/database/jdbc/ucp/11.2.0.4/ucp-11.2.0.4.jar:/Users/mv962/.m2/repository/com/oracle/database/security/oraclepki/11.2.0.4/oraclepki-11.2.0.4.jar:/Users/mv962/.m2/repository/com/oracle/database/security/osdt_cert/11.2.0.4/osdt_cert-11.2.0.4.jar:/Users/mv962/.m2/repository/com/oracle/database/security/osdt_core/11.2.0.4/osdt_core-11.2.0.4.jar:/Users/mv962/.m2/repository/com/oracle/database/ha/simplefan/11.2.0.4/simplefan-11.2.0.4.jar:/Users/mv962/.m2/repository/com/oracle/database/ha/ons/11.2.0.4/ons-11.2.0.4.jar:/Users/mv962/.m2/repository/net/sourceforge/jtds/jtds/1.3.1/jtds-1.3.1.jar:"/>
    <property name="sun.cpu.endian" value="little"/>
    <property name="user.home" value="/Users/mv962"/>
    <property name="user.language" value="en"/>
    <property name="java.specification.vendor" value="Oracle Corporation"/>
    <property name="java.home" value="/Library/Java/JavaVirtualMachines/jdk1.8.0_201.jdk/Contents/Home/jre"/>
    <property name="basedir" value="/Volumes/D/ViettelAuto/workspace_VT/06_GLOBAL_RECRUITMENT_WEB_VTLIMEX"/>
    <property name="file.separator" value="/"/>
    <property name="line.separator" value="&#10;"/>
    <property name="java.vm.specification.vendor" value="Oracle Corporation"/>
    <property name="java.specification.name" value="Java Platform API Specification"/>
    <property name="java.awt.graphicsenv" value="sun.awt.CGraphicsEnvironment"/>
    <property name="surefire.real.class.path" value="/Volumes/D/ViettelAuto/workspace_VT/06_GLOBAL_RECRUITMENT_WEB_VTLIMEX/target/surefire/surefirebooter7549996094343036445.jar"/>
    <property name="sun.boot.class.path" value="/Library/Java/JavaVirtualMachines/jdk1.8.0_201.jdk/Contents/Home/jre/lib/resources.jar:/Library/Java/JavaVirtualMachines/jdk1.8.0_201.jdk/Contents/Home/jre/lib/rt.jar:/Library/Java/JavaVirtualMachines/jdk1.8.0_201.jdk/Contents/Home/jre/lib/sunrsasign.jar:/Library/Java/JavaVirtualMachines/jdk1.8.0_201.jdk/Contents/Home/jre/lib/jsse.jar:/Library/Java/JavaVirtualMachines/jdk1.8.0_201.jdk/Contents/Home/jre/lib/jce.jar:/Library/Java/JavaVirtualMachines/jdk1.8.0_201.jdk/Contents/Home/jre/lib/charsets.jar:/Library/Java/JavaVirtualMachines/jdk1.8.0_201.jdk/Contents/Home/jre/lib/jfr.jar:/Library/Java/JavaVirtualMachines/jdk1.8.0_201.jdk/Contents/Home/jre/classes"/>
    <property name="java.protocol.handler.pkgs" value="com.google.common"/>
    <property name="sun.management.compiler" value="HotSpot 64-Bit Tiered Compilers"/>
    <property name="ftp.nonProxyHosts" value="local|*.local|169.254/16|*.169.254/16"/>
    <property name="java.runtime.version" value="1.8.0_201-b09"/>
    <property name="user.name" value="mv962"/>
    <property name="path.separator" value=":"/>
    <property name="os.version" value="10.15.5"/>
    <property name="java.endorsed.dirs" value="/Library/Java/JavaVirtualMachines/jdk1.8.0_201.jdk/Contents/Home/jre/lib/endorsed"/>
    <property name="java.runtime.name" value="Java(TM) SE Runtime Environment"/>
    <property name="file.encoding" value="UTF-8"/>
    <property name="java.vm.name" value="Java HotSpot(TM) 64-Bit Server VM"/>
    <property name="localRepository" value="/Users/mv962/.m2/repository"/>
    <property name="java.vendor.url.bug" value="http://bugreport.sun.com/bugreport/"/>
    <property name="java.io.tmpdir" value="/var/folders/p2/v7pjrp5x0q75bm1tfcdgs86h0000gn/T/"/>
    <property name="java.version" value="1.8.0_201"/>
    <property name="user.dir" value="/Volumes/D/ViettelAuto/workspace_VT/06_GLOBAL_RECRUITMENT_WEB_VTLIMEX"/>
    <property name="os.arch" value="x86_64"/>
    <property name="webdriver.gecko.driver" value="/usr/local/bin/geckodriver"/>
    <property name="java.vm.specification.name" value="Java Virtual Machine Specification"/>
    <property name="java.awt.printerjob" value="sun.lwawt.macosx.CPrinterJob"/>
    <property name="sun.os.patch.level" value="unknown"/>
    <property name="java.library.path" value="/Users/mv962/Library/Java/Extensions:/Library/Java/Extensions:/Network/Library/Java/Extensions:/System/Library/Java/Extensions:/usr/lib/java:."/>
    <property name="java.vm.info" value="mixed mode"/>
    <property name="java.vendor" value="Oracle Corporation"/>
    <property name="java.vm.version" value="25.201-b09"/>
    <property name="java.ext.dirs" value="/Users/mv962/Library/Java/Extensions:/Library/Java/JavaVirtualMachines/jdk1.8.0_201.jdk/Contents/Home/jre/lib/ext:/Library/Java/Extensions:/Network/Library/Java/Extensions:/System/Library/Java/Extensions:/usr/lib/java"/>
    <property name="sun.io.unicode.encoding" value="UnicodeBig"/>
    <property name="java.class.version" value="52.0"/>
    <property name="socksNonProxyHosts" value="local|*.local|169.254/16|*.169.254/16"/>
  </properties>
  <testcase name="01_[QL Cấu hình danh mục - Sửa] Kiểm tra Sửa cấu hình thành công" classname="Sửa cấu hinh danh mục liên quan" time="175.75"/>
  <testcase name="01_[QL Cấu hình danh mục - Sửa] Kiểm tra Sửa cấu hình thành công" classname="Sửa cấu hinh danh mục liên quan" time="113.794"/>
  <testcase name="01_[QL Cấu hình danh mục - Sửa] Kiểm tra Sửa cấu hình thành công" classname="Sửa cấu hinh danh mục liên quan" time="113.088"/>
  <testcase name="02_[QL Cấu hình danh mục - Sửa] Kiểm tra Sửa cấu hình không thành công" classname="Sửa cấu hinh danh mục liên quan" time="110.985"/>
  <testcase name="02_[QL Cấu hình danh mục - Sửa] Kiểm tra Sửa cấu hình không thành công" classname="Sửa cấu hinh danh mục liên quan" time="128.191"/>
  <testcase name="02_[QL Cấu hình danh mục - Sửa] Kiểm tra Sửa cấu hình không thành công" classname="Sửa cấu hinh danh mục liên quan" time="100.222"/>
  <testcase name="02_[QL Cấu hình danh mục - Sửa] Kiểm tra Sửa cấu hình không thành công" classname="Sửa cấu hinh danh mục liên quan" time="110.505"/>
  <testcase name="02_[QL Cấu hình danh mục - Sửa] Kiểm tra Sửa cấu hình không thành công" classname="Sửa cấu hinh danh mục liên quan" time="111.665"/>
  <testcase name="02_[QL Cấu hình danh mục - Sửa] Kiểm tra Sửa cấu hình không thành công" classname="Sửa cấu hinh danh mục liên quan" time="99.437"/>
  <testcase name="02_[QL Cấu hình danh mục - Sửa] Kiểm tra Sửa cấu hình không thành công" classname="Sửa cấu hinh danh mục liên quan" time="111.255"/>
  <testcase name="02_[QL Cấu hình danh mục - Sửa] Kiểm tra Sửa cấu hình không thành công" classname="Sửa cấu hinh danh mục liên quan" time="127.841"/>
  <testcase name="03_[QL Cấu hình danh mục - Sửa] Kiểm tra chức năng autocomplete thành công" classname="Sửa cấu hinh danh mục liên quan" time="105.193"/>
  <testcase name="03_[QL Cấu hình danh mục - Sửa] Kiểm tra chức năng autocomplete thành công" classname="Sửa cấu hinh danh mục liên quan" time="168.17"/>
  <testcase name="03_[QL Cấu hình danh mục - Sửa] Kiểm tra chức năng autocomplete thành công" classname="Sửa cấu hinh danh mục liên quan" time="105.144"/>
  <testcase name="03_[QL Cấu hình danh mục - Sửa] Kiểm tra chức năng autocomplete thành công" classname="Sửa cấu hinh danh mục liên quan" time="104.636"/>
  <testcase name="03_[QL Cấu hình danh mục - Sửa] Kiểm tra chức năng autocomplete thành công" classname="Sửa cấu hinh danh mục liên quan" time="104.494"/>
  <testcase name="03_[QL Cấu hình danh mục - Sửa] Kiểm tra chức năng autocomplete thành công" classname="Sửa cấu hinh danh mục liên quan" time="166.314"/>
  <testcase name="03_[QL Cấu hình danh mục - Sửa] Kiểm tra chức năng autocomplete thành công" classname="Sửa cấu hinh danh mục liên quan" time="225.269"/>
  <testcase name="03_[QL Cấu hình danh mục - Sửa] Kiểm tra chức năng autocomplete thành công" classname="Sửa cấu hinh danh mục liên quan" time="225.626">
    <failure type="java.lang.AssertionError">java.lang.AssertionError
</failure>
    <system-out><![CDATA[1
com.mysql.cj.jdbc.ConnectionImpl@3d184d5a
]]></system-out>
    <system-err><![CDATA[[pool-1-thread-1] INFO globalRecruitment.StepDefinitions.F_01_Login_PageDefinitions - =========== DangNhap: mở trang Đăng nhập ===========
Feb 26, 2021 11:02:32 AM org.openqa.selenium.remote.DesiredCapabilities chrome
INFO: Using `new ChromeOptions()` is preferred to `DesiredCapabilities.chrome()`
[pool-1-thread-1] INFO net.serenitybdd.core.webdriver.driverproviders.ProvideNewDriver - Instantiating driver
[pool-1-thread-1] INFO net.serenitybdd.core.webdriver.driverproviders.ProvideNewDriver - Driver capabilities: Capabilities {acceptInsecureCerts: false, browserName: chrome, chrome.switches: """--start-maximized;--test..., goog:chromeOptions: {args: [--""", --start-maximized, --test-type, --no-sandbox, --ignore-certificate-errors], extensions: []}, loggingPrefs: org.openqa.selenium.logging..., platform: ANY, version: }
Starting ChromeDriver 85.0.4183.87 (cd6713ebf92fa1cacc0f1a598df280093af0c5d7-refs/branch-heads/4183@{#1689}) on port 28658
Only local connections are allowed.
Please see https://chromedriver.chromium.org/security-considerations for suggestions on keeping ChromeDriver safe.
[1614312152.340][WARNING]: FromSockAddr failed on netmask
ChromeDriver was started successfully.
Feb 26, 2021 11:02:33 AM org.openqa.selenium.remote.ProtocolHandshake createSession
INFO: Detected dialect: W3C
[pool-1-thread-1] INFO globalRecruitment.StepDefinitions.F_01_Login_PageDefinitions - =========== DangNhap: kiểm tra trang Đăng nhập mở thành công với button Login được hiển thị ===========
[pool-1-thread-1] INFO globalRecruitment.StepDefinitions.F_01_Login_PageDefinitions - =========== DangNhap: nhập dữ liệu vào các trường với dữ liệu ===========
[pool-1-thread-1] INFO globalRecruitment.StepDefinitions.F_01_Login_PageDefinitions - =========== DangNhap: nhập trường Email với dữ liệu 274018 ===========
[pool-1-thread-1] INFO globalRecruitment.StepDefinitions.F_01_Login_PageDefinitions - =========== DangNhap: nhập trường Password với dữ liệu 123456a@ ===========
[pool-1-thread-1] INFO globalRecruitment.StepDefinitions.F_01_Login_PageDefinitions - =========== DangNhap: nhấn button Đăng nhập ===========
[pool-1-thread-1] INFO globalRecruitment.StepDefinitions.Home_PageDefinitions - =========== TrangChu: kiểm tra login thành công với acc Đỗ Văn Đô được hiển thị ===========
[pool-1-thread-1] INFO globalRecruitment.StepDefinitions.Home_PageDefinitions - =========== TrangChu: nhấn menu icon Quản lý cấu hình danh mục liên quan ===========
[pool-1-thread-1] INFO globalRecruitment.StepDefinitions.F_02_ConfigCategory_Search_PageDefinitions - =========== QLCauHinhDanhMuc-TimKiem: kiểm tra mở trang Tìm kiếm cấu hình thành công với title DANH SÁCH CẤU HÌNH DANH MỤC LIÊN QUAN ==========
[pool-1-thread-1] INFO globalRecruitment.StepDefinitions.F_02_ConfigCategory_Search_PageDefinitions - =========== QLCauHinhDanhMuc-TimKiem: nhập tiêu chí tìm kiếm Tên cấu hình cần sửa với dữ liệu vừa thêm hoặc sửa thành công Thị trường2 ==========
[pool-1-thread-1] INFO globalRecruitment.StepDefinitions.F_02_ConfigCategory_Search_PageDefinitions - =========== QLCauHinhDanhMuc-TimKiem: nhấn button Tìm kiếm ==========
[pool-1-thread-1] INFO globalRecruitment.StepDefinitions.F_02_ConfigCategory_Search_PageDefinitions - =========== QLCauHinhDanhMuc-TimKiem: kiểm tra số bản ghi trả về thành công là 1 ==========
[pool-1-thread-1] INFO globalRecruitment.StepDefinitions.F_02_ConfigCategory_Search_PageDefinitions - =========== QLCauHinhDanhMuc-TimKiem: nhấn icon Sửa==========
[pool-1-thread-1] INFO globalRecruitment.StepDefinitions.F_04_ConfigCategory_Edit_PageDefinitions - =========== QLCauHinhDanhMuc-Sua: kiểm tra mở trang Sửa cấu hình thành công với title SỬA CẤU HÌNH ===========
[pool-1-thread-1] INFO globalRecruitment.StepDefinitions.F_04_ConfigCategory_Edit_PageDefinitions - =========== QLCauHinhDanhMuc-TimKiem: nhập dữ liệu trường Loại danh mục với dữ liệu Ngôn ngữ ===========
[pool-1-thread-1] INFO globalRecruitment.StepDefinitions.F_04_ConfigCategory_Edit_PageDefinitions - =========== QLCauHinhDanhMuc-Sua: nhập Danh mục liên quan_Tìm kiếm nhập chuỗi ký tự có space đầu cuối_autocomplete với dữ liệu  Tiếng Pháp  ===========
[pool-1-thread-1] INFO globalRecruitment.StepDefinitions.F_04_ConfigCategory_Edit_PageDefinitions - =========== QLCauHinhDanhMuc-Sua: nhập trường Loại danh mục mới dữ liệu  Tiếng Pháp : Tiếng Pháp  ===========
[pool-1-thread-1] INFO globalRecruitment.StepDefinitions.F_04_ConfigCategory_Edit_PageDefinitions - =========== QLCauHinhDanhMuc-Sua: lấy danh sách kết quả tìm kiếm UI trả về Danh mục liên quan ===========
[pool-1-thread-1] INFO globalRecruitment.StepDefinitions.F_04_ConfigCategory_Edit_PageDefinitions - =========== QLCauHinhDanhMuc-Sua: lấy danh sách kết quả tìm kiếm DB trả về Danh mục liên quan===========
[pool-1-thread-1] INFO globalRecruitment.StepDefinitions.F_04_ConfigCategory_Edit_PageDefinitions - =========== QLCauHinhDanhMuc-Sua: kiểm tra danh sách kết quả tìm kiếm trên UI trả về bằng danh sách kết quả tìm kiếm DB trả về ===========
]]></system-err>
  </testcase>
  <testcase name="03_[QL Cấu hình danh mục - Sửa] Kiểm tra chức năng autocomplete thành công" classname="Sửa cấu hinh danh mục liên quan" time="167.338"/>
  <testcase name="03_[QL Cấu hình danh mục - Sửa] Kiểm tra chức năng autocomplete thành công" classname="Sửa cấu hinh danh mục liên quan" time="165.213"/>
</testsuite>